SET
VACUUM
 count 
-------
   427
(1 row)

                         QUERY PLAN                          
-------------------------------------------------------------
 Aggregate  (cost=215.16..215.16 rows=1 width=0)
   ->  Seq Scan on one  (cost=0.00..214.00 rows=463 width=0)
         Filter: ((c > 10) AND (c < 60))
(3 rows)

 count 
-------
  8332
(1 row)

                          QUERY PLAN                          
--------------------------------------------------------------
 Aggregate  (cost=234.71..234.71 rows=1 width=0)
   ->  Seq Scan on one  (cost=0.00..214.00 rows=8284 width=0)
         Filter: ((c > 90) AND (c < 320))
(3 rows)

 count 
-------
  5971
(1 row)

                          QUERY PLAN                          
--------------------------------------------------------------
 Aggregate  (cost=228.49..228.49 rows=1 width=0)
   ->  Seq Scan on one  (cost=0.00..214.00 rows=5795 width=0)
         Filter: ((c > 200) AND (c < 250))
(3 rows)

 count 
-------
  4709
(1 row)

                          QUERY PLAN                          
--------------------------------------------------------------
 Aggregate  (cost=226.55..226.55 rows=1 width=0)
   ->  Seq Scan on one  (cost=0.00..214.00 rows=5018 width=0)
         Filter: ((c > 240) AND (c < 460))
(3 rows)

 count 
-------
   286
(1 row)

                         QUERY PLAN                          
-------------------------------------------------------------
 Aggregate  (cost=214.85..214.85 rows=1 width=0)
   ->  Seq Scan on one  (cost=0.00..214.00 rows=338 width=0)
         Filter: ((c > 300) AND (c < 350))
(3 rows)

 count 
-------
   391
(1 row)

                         QUERY PLAN                          
-------------------------------------------------------------
 Aggregate  (cost=215.02..215.02 rows=1 width=0)
   ->  Seq Scan on one  (cost=0.00..214.00 rows=406 width=0)
         Filter: ((c > 325) AND (c < 400))
(3 rows)

 count 
-------
   399
(1 row)

                         QUERY PLAN                          
-------------------------------------------------------------
 Aggregate  (cost=214.99..214.99 rows=1 width=0)
   ->  Seq Scan on one  (cost=0.00..214.00 rows=396 width=0)
         Filter: ((c > 400) AND (c < 490))
(3 rows)

 count 
-------
   520
(1 row)

                         QUERY PLAN                          
-------------------------------------------------------------
 Aggregate  (cost=215.32..215.32 rows=1 width=0)
   ->  Seq Scan on one  (cost=0.00..214.00 rows=527 width=0)
         Filter: ((c > 380) AND (c < 500))
(3 rows)

 count 
-------
   903
(1 row)

                         QUERY PLAN                          
-------------------------------------------------------------
 Aggregate  (cost=216.36..216.36 rows=1 width=0)
   ->  Seq Scan on one  (cost=0.00..214.00 rows=942 width=0)
         Filter: ((c > 1) AND (c < 100))
(3 rows)

 count 
-------
  8874
(1 row)

                          QUERY PLAN                          
--------------------------------------------------------------
 Aggregate  (cost=236.15..236.15 rows=1 width=0)
   ->  Seq Scan on one  (cost=0.00..214.00 rows=8860 width=0)
         Filter: ((c > 100) AND (c < 455))
(3 rows)

