SET
VACUUM
 count 
-------
   427
(1 row)

                         QUERY PLAN                          
-------------------------------------------------------------
 Aggregate  (cost=215.11..215.11 rows=1 width=0)
   ->  Seq Scan on one  (cost=0.00..214.00 rows=442 width=0)
         Filter: ((c > 10) AND (c < 60))
(3 rows)

 count 
-------
  8332
(1 row)

                          QUERY PLAN                          
--------------------------------------------------------------
 Aggregate  (cost=234.78..234.78 rows=1 width=0)
   ->  Seq Scan on one  (cost=0.00..214.00 rows=8311 width=0)
         Filter: ((c > 90) AND (c < 320))
(3 rows)

 count 
-------
  5971
(1 row)

                          QUERY PLAN                          
--------------------------------------------------------------
 Aggregate  (cost=228.79..228.79 rows=1 width=0)
   ->  Seq Scan on one  (cost=0.00..214.00 rows=5915 width=0)
         Filter: ((c > 200) AND (c < 250))
(3 rows)

 count 
-------
  4709
(1 row)

                          QUERY PLAN                          
--------------------------------------------------------------
 Aggregate  (cost=226.16..226.16 rows=1 width=0)
   ->  Seq Scan on one  (cost=0.00..214.00 rows=4863 width=0)
         Filter: ((c > 240) AND (c < 460))
(3 rows)

 count 
-------
   286
(1 row)

                         QUERY PLAN                          
-------------------------------------------------------------
 Aggregate  (cost=214.74..214.74 rows=1 width=0)
   ->  Seq Scan on one  (cost=0.00..214.00 rows=296 width=0)
         Filter: ((c > 300) AND (c < 350))
(3 rows)

 count 
-------
   391
(1 row)

                         QUERY PLAN                          
-------------------------------------------------------------
 Aggregate  (cost=215.03..215.03 rows=1 width=0)
   ->  Seq Scan on one  (cost=0.00..214.00 rows=412 width=0)
         Filter: ((c > 325) AND (c < 400))
(3 rows)

 count 
-------
   399
(1 row)

                         QUERY PLAN                          
-------------------------------------------------------------
 Aggregate  (cost=215.00..215.00 rows=1 width=0)
   ->  Seq Scan on one  (cost=0.00..214.00 rows=401 width=0)
         Filter: ((c > 400) AND (c < 490))
(3 rows)

 count 
-------
   520
(1 row)

                         QUERY PLAN                          
-------------------------------------------------------------
 Aggregate  (cost=215.34..215.34 rows=1 width=0)
   ->  Seq Scan on one  (cost=0.00..214.00 rows=535 width=0)
         Filter: ((c > 380) AND (c < 500))
(3 rows)

 count 
-------
   903
(1 row)

                         QUERY PLAN                          
-------------------------------------------------------------
 Aggregate  (cost=216.33..216.33 rows=1 width=0)
   ->  Seq Scan on one  (cost=0.00..214.00 rows=930 width=0)
         Filter: ((c > 1) AND (c < 100))
(3 rows)

 count 
-------
  8874
(1 row)

                          QUERY PLAN                          
--------------------------------------------------------------
 Aggregate  (cost=236.19..236.19 rows=1 width=0)
   ->  Seq Scan on one  (cost=0.00..214.00 rows=8873 width=0)
         Filter: ((c > 100) AND (c < 455))
(3 rows)

