SET
VACUUM
 count 
-------
   427
(1 row)

                         QUERY PLAN                          
-------------------------------------------------------------
 Aggregate  (cost=215.07..215.07 rows=1 width=0)
   ->  Seq Scan on one  (cost=0.00..214.00 rows=426 width=0)
         Filter: ((c > 10) AND (c < 60))
(3 rows)

 count 
-------
  8332
(1 row)

                          QUERY PLAN                          
--------------------------------------------------------------
 Aggregate  (cost=234.91..234.91 rows=1 width=0)
   ->  Seq Scan on one  (cost=0.00..214.00 rows=8363 width=0)
         Filter: ((c > 90) AND (c < 320))
(3 rows)

 count 
-------
  5971
(1 row)

                          QUERY PLAN                          
--------------------------------------------------------------
 Aggregate  (cost=229.06..229.06 rows=1 width=0)
   ->  Seq Scan on one  (cost=0.00..214.00 rows=6025 width=0)
         Filter: ((c > 200) AND (c < 250))
(3 rows)

 count 
-------
  4709
(1 row)

                          QUERY PLAN                          
--------------------------------------------------------------
 Aggregate  (cost=225.91..225.91 rows=1 width=0)
   ->  Seq Scan on one  (cost=0.00..214.00 rows=4762 width=0)
         Filter: ((c > 240) AND (c < 460))
(3 rows)

 count 
-------
   286
(1 row)

                         QUERY PLAN                          
-------------------------------------------------------------
 Aggregate  (cost=214.75..214.75 rows=1 width=0)
   ->  Seq Scan on one  (cost=0.00..214.00 rows=298 width=0)
         Filter: ((c > 300) AND (c < 350))
(3 rows)

 count 
-------
   391
(1 row)

                         QUERY PLAN                          
-------------------------------------------------------------
 Aggregate  (cost=214.98..214.98 rows=1 width=0)
   ->  Seq Scan on one  (cost=0.00..214.00 rows=390 width=0)
         Filter: ((c > 325) AND (c < 400))
(3 rows)

 count 
-------
   399
(1 row)

                         QUERY PLAN                          
-------------------------------------------------------------
 Aggregate  (cost=214.98..214.98 rows=1 width=0)
   ->  Seq Scan on one  (cost=0.00..214.00 rows=390 width=0)
         Filter: ((c > 400) AND (c < 490))
(3 rows)

 count 
-------
   520
(1 row)

                         QUERY PLAN                          
-------------------------------------------------------------
 Aggregate  (cost=215.33..215.33 rows=1 width=0)
   ->  Seq Scan on one  (cost=0.00..214.00 rows=530 width=0)
         Filter: ((c > 380) AND (c < 500))
(3 rows)

 count 
-------
   903
(1 row)

                         QUERY PLAN                          
-------------------------------------------------------------
 Aggregate  (cost=216.23..216.23 rows=1 width=0)
   ->  Seq Scan on one  (cost=0.00..214.00 rows=892 width=0)
         Filter: ((c > 1) AND (c < 100))
(3 rows)

 count 
-------
  8874
(1 row)

                          QUERY PLAN                          
--------------------------------------------------------------
 Aggregate  (cost=236.28..236.28 rows=1 width=0)
   ->  Seq Scan on one  (cost=0.00..214.00 rows=8913 width=0)
         Filter: ((c > 100) AND (c < 455))
(3 rows)

